
> @workspace/api-server@0.0.0 build C:\laragon\www\Trade-Pilot\artifacts\api-server
> node ./build.mjs

[17:32:54.039] [32mINFO[39m (15688): [36mWeb Push (VAPID) configured successfully[39m
[17:32:54.236] [32mINFO[39m (15688): [36mServer listening[39m
    [35mport[39m: 5000
[17:32:54.236] [32mINFO[39m (15688): [36mBackground notification jobs started[39m
    [35mretentionDays[39m: 90
[17:32:55.299] [32mINFO[39m (15688): [36mrequest completed[39m
    [35mreq[39m: {
      "id": 1,
      "method": "GET",
      "url": "/api/notifications"
    }
    [35mres[39m: {
      "statusCode": 304
    }
    [35mresponseTime[39m: 229
[17:32:58.982] [32mINFO[39m (15688): [36mrequest completed[39m
    [35mreq[39m: {
      "id": 2,
      "method": "GET",
      "url": "/api/quotes/live"
    }
    [35mres[39m: {
      "statusCode": 200
    }
    [35mresponseTime[39m: 297
[17:33:04.473] [32mINFO[39m (15688): [36mSent daily summary to admins and super-admins[39m
[17:33:09.316] [32mINFO[39m (15688): [36mSent analysis expiry alert[39m
    [35muserId[39m: 35
    [35manalysisId[39m: 77
[17:33:09.370] [32mINFO[39m (15688): [36mSent analysis expiry alert[39m
    [35muserId[39m: 23
    [35manalysisId[39m: 97
[17:33:09.424] [32mINFO[39m (15688): [36mSent analysis expiry alert[39m
    [35muserId[39m: 35
    [35manalysisId[39m: 98
[17:33:09.478] [32mINFO[39m (15688): [36mSent analysis expiry alert[39m
    [35muserId[39m: 4
    [35manalysisId[39m: 101
[17:33:09.530] [32mINFO[39m (15688): [36mSent analysis expiry alert[39m
    [35muserId[39m: 4
    [35manalysisId[39m: 102
[17:33:14.576] [32mINFO[39m (15688): [36mrequest completed[39m
    [35mreq[39m: {
      "id": 3,
      "method": "GET",
      "url": "/api/quotes/live"
    }
    [35mres[39m: {
      "statusCode": 200
    }
    [35mresponseTime[39m: 281
[17:33:30.116] [32mINFO[39m (15688): [36mrequest completed[39m
    [35mreq[39m: {
      "id": 4,
      "method": "GET",
      "url": "/api/quotes/live"
    }
    [35mres[39m: {
      "statusCode": 200
    }
    [35mresponseTime[39m: 218
[17:33:45.670] [32mINFO[39m (15688): [36mrequest completed[39m
    [35mreq[39m: {
      "id": 5,
      "method": "GET",
      "url": "/api/quotes/live"
    }
    [35mres[39m: {
      "statusCode": 200
    }
    [35mresponseTime[39m: 228
[17:33:55.802] [32mINFO[39m (15688): [36mrequest completed[39m
    [35mreq[39m: {
      "id": 6,
      "method": "GET",
      "url": "/api/notifications"
    }
    [35mres[39m: {
      "statusCode": 200
    }
    [35mresponseTime[39m: 180
[17:34:01.217] [32mINFO[39m (15688): [36mrequest completed[39m
    [35mreq[39m: {
      "id": 7,
      "method": "GET",
      "url": "/api/quotes/live"
    }
    [35mres[39m: {
      "statusCode": 200
    }
    [35mresponseTime[39m: 225
[17:34:18.708] [32mINFO[39m (15688): [36mrequest completed[39m
    [35mreq[39m: {
      "id": 8,
      "method": "GET",
      "url": "/api/analyses/recent-instruments"
    }
    [35mres[39m: {
      "statusCode": 304
    }
    [35mresponseTime[39m: 171
[17:34:18.709] [32mINFO[39m (15688): [36mrequest completed[39m
    [35mreq[39m: {
      "id": 9,
      "method": "GET",
      "url": "/api/auth/me"
    }
    [35mres[39m: {
      "statusCode": 304
    }
    [35mresponseTime[39m: 170
[17:34:18.839] [32mINFO[39m (15688): [36mrequest completed[39m
    [35mreq[39m: {
      "id": 10,
      "method": "GET",
      "url": "/api/quotes/live"
    }
    [35mres[39m: {
      "statusCode": 200
    }
    [35mresponseTime[39m: 298
[17:34:19.055] [32mINFO[39m (15688): [36mrequest completed[39m
    [35mreq[39m: {
      "id": 12,
      "method": "GET",
      "url": "/api/analyses/quota"
    }
    [35mres[39m: {
      "statusCode": 200
    }
    [35mresponseTime[39m: 37
[17:34:21.158] [32mINFO[39m (15688): [36mrequest completed[39m
    [35mreq[39m: {
      "id": 11,
      "method": "GET",
      "url": "/api/news"
    }
    [35mres[39m: {
      "statusCode": 304
    }
    [35mresponseTime[39m: 2614
[17:34:34.420] [32mINFO[39m (15688): [36mrequest completed[39m
    [35mreq[39m: {
      "id": 13,
      "method": "GET",
      "url": "/api/quotes/live"
    }
    [35mres[39m: {
      "statusCode": 200
    }
    [35mresponseTime[39m: 252
[17:34:49.972] [32mINFO[39m (15688): [36mrequest completed[39m
    [35mreq[39m: {
      "id": 14,
      "method": "GET",
      "url": "/api/quotes/live"
    }
    [35mres[39m: {
      "statusCode": 200
    }
    [35mresponseTime[39m: 229
[17:34:56.818] [32mINFO[39m (15688): [36mrequest completed[39m
    [35mreq[39m: {
      "id": 15,
      "method": "GET",
      "url": "/api/notifications"
    }
    [35mres[39m: {
      "statusCode": 304
    }
    [35mresponseTime[39m: 690
[17:35:05.513] [32mINFO[39m (15688): [36mrequest completed[39m
    [35mreq[39m: {
      "id": 16,
      "method": "GET",
      "url": "/api/quotes/live"
    }
    [35mres[39m: {
      "statusCode": 200
    }
    [35mresponseTime[39m: 226
[17:35:21.078] [32mINFO[39m (15688): [36mrequest completed[39m
    [35mreq[39m: {
      "id": 17,
      "method": "GET",
      "url": "/api/quotes/live"
    }
    [35mres[39m: {
      "statusCode": 200
    }
    [35mresponseTime[39m: 236
[17:35:36.617] [32mINFO[39m (15688): [36mrequest completed[39m
    [35mreq[39m: {
      "id": 18,
      "method": "GET",
      "url": "/api/quotes/live"
    }
    [35mres[39m: {
      "statusCode": 200
    }
    [35mresponseTime[39m: 228
[17:35:52.190] [32mINFO[39m (15688): [36mrequest completed[39m
    [35mreq[39m: {
      "id": 19,
      "method": "GET",
      "url": "/api/quotes/live"
    }
    [35mres[39m: {
      "statusCode": 200
    }
    [35mresponseTime[39m: 255
[17:35:57.604] [32mINFO[39m (15688): [36mrequest completed[39m
    [35mreq[39m: {
      "id": 20,
      "method": "GET",
      "url": "/api/notifications"
    }
    [35mres[39m: {
      "statusCode": 304
    }
    [35mresponseTime[39m: 465
[17:36:07.419] [32mINFO[39m (15688): [36mrequest completed[39m
    [35mreq[39m: {
      "id": 22,
      "method": "GET",
      "url": "/api/quotes/live"
    }
    [35mres[39m: {
      "statusCode": 200
    }
    [35mresponseTime[39m: 221
[17:36:23.100] [32mINFO[39m (15688): [36mrequest completed[39m
    [35mreq[39m: {
      "id": 23,
      "method": "GET",
      "url": "/api/quotes/live"
    }
    [35mres[39m: {
      "statusCode": 200
    }
    [35mresponseTime[39m: 361
[17:36:38.677] [32mINFO[39m (15688): [36mrequest completed[39m
    [35mreq[39m: {
      "id": 24,
      "method": "GET",
      "url": "/api/quotes/live"
    }
    [35mres[39m: {
      "statusCode": 200
    }
    [35mresponseTime[39m: 260
[17:36:54.258] [32mINFO[39m (15688): [36mrequest completed[39m
    [35mreq[39m: {
      "id": 25,
      "method": "GET",
      "url": "/api/quotes/live"
    }
    [35mres[39m: {
      "statusCode": 200
    }
    [35mresponseTime[39m: 252
[17:41:06.605] [32mINFO[39m (15688): [36mrequest aborted[39m
    [35mreq[39m: {
      "id": 21,
      "method": "GET",
      "url": "/api/notifications/stream"
    }
    [35mres[39m: {
      "statusCode": 200
    }
    [35mresponseTime[39m: 299937
[17:46:09.951] [32mINFO[39m (15688): [36mrequest aborted[39m
    [35mreq[39m: {
      "id": 26,
      "method": "GET",
      "url": "/api/notifications/stream"
    }
    [35mres[39m: {
      "statusCode": 200
    }
    [35mresponseTime[39m: 299975
[17:47:14.140] [32mINFO[39m (15688): [36mrequest completed[39m
    [35mreq[39m: {
      "id": 28,
      "method": "GET",
      "url": "/api/auth/me"
    }
    [35mres[39m: {
      "statusCode": 304
    }
    [35mresponseTime[39m: 183
[17:47:14.182] [32mINFO[39m (15688): [36mrequest completed[39m
    [35mreq[39m: {
      "id": 31,
      "method": "GET",
      "url": "/api/analyses/recent-instruments"
    }
    [35mres[39m: {
      "statusCode": 200
    }
    [35mresponseTime[39m: 222
[17:47:14.239] [32mINFO[39m (15688): [36mrequest completed[39m
    [35mreq[39m: {
      "id": 29,
      "method": "GET",
      "url": "/api/quotes/live"
    }
    [35mres[39m: {
      "statusCode": 200
    }
    [35mresponseTime[39m: 281
[17:47:14.243] [32mINFO[39m (15688): [36mrequest completed[39m
    [35mreq[39m: {
      "id": 32,
      "method": "GET",
      "url": "/api/notifications"
    }
    [35mres[39m: {
      "statusCode": 200
    }
    [35mresponseTime[39m: 282
[17:47:14.487] [32mINFO[39m (15688): [36mrequest completed[39m
    [35mreq[39m: {
      "id": 33,
      "method": "GET",
      "url": "/api/analyses/quota"
    }
    [35mres[39m: {
      "statusCode": 304
    }
    [35mresponseTime[39m: 35
[17:47:15.541] [32mINFO[39m (15688): [36mrequest completed[39m
    [35mreq[39m: {
      "id": 30,
      "method": "GET",
      "url": "/api/news"
    }
    [35mres[39m: {
      "statusCode": 304
    }
    [35mresponseTime[39m: 1582
[17:47:29.869] [32mINFO[39m (15688): [36mrequest completed[39m
    [35mreq[39m: {
      "id": 34,
      "method": "GET",
      "url": "/api/quotes/live"
    }
    [35mres[39m: {
      "statusCode": 200
    }
    [35mresponseTime[39m: 311
